app/build/intermediates/manifest_merge_blame_file/debug/processDebugMainManifest/manifest-merger-blame-debug-report.txt
1<?xml version="1.0" encoding="utf-8"?>
2<manifest xmlns:android="http://schemas.android.com/apk/res/android"
3    package="com.daren.scraply"
4    platformBuildVersionCode="36"
5    platformBuildVersionName="16"
6    android:compileSdkVersion="36"
7    android:compileSdkVersionCodename="16"
8    android:requiredSplitTypes="base__abi,base__density"
9    android:splitTypes=""
10    android:versionCode="114"
11    android:versionName="1.1.4" >
12
13    <uses-sdk
14        android:minSdkVersion="24"
15        android:targetSdkVersion="35" />
16
17    <uses-permission android:name="android.permission.INTERNET" />
17-->src/main/AndroidManifest.xml:2:5-66
17-->src/main/AndroidManifest.xml:2:22-64
18    <uses-permission android:name="android.permission.ACCESS_NETWORK_STATE" />
18-->src/main/AndroidManifest.xml:3:5-78
18-->src/main/AndroidManifest.xml:3:22-76
19    <uses-permission android:name="android.permission.POST_NOTIFICATIONS" />
19-->src/main/AndroidManifest.xml:4:5-76
19-->src/main/AndroidManifest.xml:4:22-74
20    <uses-permission android:name="android.permission.FOREGROUND_SERVICE" />
20-->src/main/AndroidManifest.xml:5:5-76
20-->src/main/AndroidManifest.xml:5:22-74
21    <uses-permission android:name="android.permission.READ_MEDIA_IMAGES" />
21-->src/main/AndroidManifest.xml:6:5-75
21-->src/main/AndroidManifest.xml:6:22-73
22    <uses-permission
22-->src/main/AndroidManifest.xml:7:5-106
23        android:name="android.permission.READ_EXTERNAL_STORAGE"
23-->src/main/AndroidManifest.xml:7:49-104
24        android:maxSdkVersion="32" />
24-->src/main/AndroidManifest.xml:7:22-48
25
26    <queries>
26-->src/main/AndroidManifest.xml:8:5-38:15
27        <provider android:authorities="com.google.android.gms.fonts" />
27-->src/main/AndroidManifest.xml:9:9-71
27-->src/main/AndroidManifest.xml:9:19-69
28
29        <intent>
29-->src/main/AndroidManifest.xml:10:9-12:18
30            <action android:name="com.android.vending.billing.InAppBillingService.BIND" />
30-->src/main/AndroidManifest.xml:11:13-90
30-->src/main/AndroidManifest.xml:11:21-88
31        </intent>
32        <intent>
32-->src/main/AndroidManifest.xml:13:9-15:18
33            <action android:name="com.google.android.apps.play.billingtestcompanion.BillingOverrideService.BIND" />
33-->src/main/AndroidManifest.xml:14:13-115
33-->src/main/AndroidManifest.xml:14:21-113
34        </intent>
35        <intent>
35-->src/main/AndroidManifest.xml:16:9-20:18
36            <action android:name="android.intent.action.VIEW" />
36-->src/main/AndroidManifest.xml:17:13-64
36-->src/main/AndroidManifest.xml:17:21-62
37
38            <category android:name="android.intent.category.BROWSABLE" />
38-->src/main/AndroidManifest.xml:18:13-73
38-->src/main/AndroidManifest.xml:18:23-71
39
40            <data android:scheme="https" />
40-->src/main/AndroidManifest.xml:19:13-43
40-->src/main/AndroidManifest.xml:19:19-41
41        </intent>
42        <intent>
42-->src/main/AndroidManifest.xml:21:9-23:18
43            <action android:name="android.support.customtabs.action.CustomTabsService" />
43-->src/main/AndroidManifest.xml:22:13-89
43-->src/main/AndroidManifest.xml:22:21-87
44        </intent>
45        <intent>
45-->src/main/AndroidManifest.xml:24:9-27:18
46            <action android:name="android.intent.action.INSERT" />
46-->src/main/AndroidManifest.xml:25:13-66
46-->src/main/AndroidManifest.xml:25:21-64
47
48            <data android:mimeType="vnd.android.cursor.dir/event" />
48-->src/main/AndroidManifest.xml:19:13-43
48-->src/main/AndroidManifest.xml:26:19-66
49        </intent>
50        <intent>
50-->src/main/AndroidManifest.xml:28:9-31:18
51            <action android:name="android.intent.action.VIEW" />
51-->src/main/AndroidManifest.xml:17:13-64
51-->src/main/AndroidManifest.xml:17:21-62
52
53            <data android:scheme="sms" />
53-->src/main/AndroidManifest.xml:19:13-43
53-->src/main/AndroidManifest.xml:19:19-41
54        </intent>
55        <intent>
55-->src/main/AndroidManifest.xml:32:9-35:18
56            <action android:name="android.intent.action.DIAL" />
56-->src/main/AndroidManifest.xml:33:13-64
56-->src/main/AndroidManifest.xml:33:21-62
57
58            <data android:path="tel:" />
58-->src/main/AndroidManifest.xml:19:13-43
58-->src/main/AndroidManifest.xml:34:19-38
59        </intent>
60
61        <package android:name="com.android.vending" />
61-->src/main/AndroidManifest.xml:36:9-54
61-->src/main/AndroidManifest.xml:36:18-52
62        <package android:name="com.facebook.katana" />
62-->src/main/AndroidManifest.xml:37:9-54
62-->src/main/AndroidManifest.xml:37:18-52
63    </queries>
64
65    <uses-permission android:name="com.android.vending.BILLING" />
65-->src/main/AndroidManifest.xml:39:5-66
65-->src/main/AndroidManifest.xml:39:22-64
66    <uses-permission android:name="com.google.android.gms.permission.AD_ID" />
66-->src/main/AndroidManifest.xml:40:5-78
66-->src/main/AndroidManifest.xml:40:22-76
67    <uses-permission android:name="android.permission.ACCESS_ADSERVICES_AD_ID" />
67-->src/main/AndroidManifest.xml:41:5-81
67-->src/main/AndroidManifest.xml:41:22-79
68    <uses-permission android:name="android.permission.ACCESS_ADSERVICES_ATTRIBUTION" />
68-->src/main/AndroidManifest.xml:42:5-87
68-->src/main/AndroidManifest.xml:42:22-85
69    <uses-permission android:name="android.permission.ACCESS_ADSERVICES_TOPICS" />
69-->src/main/AndroidManifest.xml:43:5-82
69-->src/main/AndroidManifest.xml:43:22-80
70    <uses-permission android:name="android.permission.WAKE_LOCK" />
70-->src/main/AndroidManifest.xml:44:5-67
70-->src/main/AndroidManifest.xml:44:22-65
71    <uses-permission android:name="com.google.android.c2dm.permission.RECEIVE" />
71-->src/main/AndroidManifest.xml:45:5-81
71-->src/main/AndroidManifest.xml:45:22-79
72    <uses-permission android:name="android.permission.FOREGROUND_SERVICE_DATA_SYNC" />
72-->src/main/AndroidManifest.xml:46:5-86
72-->src/main/AndroidManifest.xml:46:22-84
73    <uses-permission android:name="com.google.android.finsky.permission.BIND_GET_INSTALL_REFERRER_SERVICE" />
73-->src/main/AndroidManifest.xml:47:5-109
73-->src/main/AndroidManifest.xml:47:22-107
74
75    <permission
75-->src/main/AndroidManifest.xml:48:5-128
76        android:name="com.daren.scraply.DYNAMIC_RECEIVER_NOT_EXPORTED_PERMISSION"
76-->src/main/AndroidManifest.xml:48:17-90
77        android:protectionLevel="signature" />
77-->src/main/AndroidManifest.xml:48:91-126
78
79    <uses-permission android:name="com.daren.scraply.DYNAMIC_RECEIVER_NOT_EXPORTED_PERMISSION" />
79-->src/main/AndroidManifest.xml:49:5-97
79-->src/main/AndroidManifest.xml:49:22-95
80    <uses-permission android:name="com.android.vending.CHECK_LICENSE" />
80-->src/main/AndroidManifest.xml:245:5-72
80-->src/main/AndroidManifest.xml:245:22-70
81    <uses-permission android:name="android.permission.RECEIVE_BOOT_COMPLETED" />
81-->[androidx.work:work-runtime:2.9.1] AndroidManifest.xml:25:5-81
81-->[androidx.work:work-runtime:2.9.1] AndroidManifest.xml:25:22-78
82
83    <application
83-->src/main/AndroidManifest.xml:50:5-244:19
84        android:name="com.pairip.application.Application"
84-->src/main/AndroidManifest.xml:50:344-393
85        android:allowBackup="true"
85-->src/main/AndroidManifest.xml:50:18-44
86        android:appComponentFactory="androidx.core.app.CoreComponentFactory"
86-->src/main/AndroidManifest.xml:50:45-113
87        android:dataExtractionRules="@xml/data_extraction_rules"
87-->src/main/AndroidManifest.xml:50:114-170
88        android:debuggable="true"
89        android:extractNativeLibs="false"
89-->src/main/AndroidManifest.xml:50:171-204
90        android:fullBackupContent="@xml/backup_rules"
90-->src/main/AndroidManifest.xml:50:205-250
91        android:icon="@mipmap/ic_launcher"
91-->src/main/AndroidManifest.xml:50:251-285
92        android:label="@string/app_name"
92-->src/main/AndroidManifest.xml:50:286-318
93        android:largeHeap="true"
93-->src/main/AndroidManifest.xml:50:319-343
94        android:roundIcon="@mipmap/ic_launcher_round"
94-->src/main/AndroidManifest.xml:50:394-439
95        android:supportsRtl="true"
95-->src/main/AndroidManifest.xml:50:440-466
96        android:theme="@style/Theme.Scraply" >
96-->src/main/AndroidManifest.xml:50:467-503
97        <activity
97-->src/main/AndroidManifest.xml:51:9-93:20
98            android:name="com.daren.scraply.MainActivity"
98-->src/main/AndroidManifest.xml:51:202-247
99            android:configChanges="keyboardHidden|orientation|screenLayout|screenSize|smallestScreenSize"
99-->src/main/AndroidManifest.xml:51:19-112
100            android:exported="true"
100-->src/main/AndroidManifest.xml:51:113-136
101            android:label="@string/app_name"
101-->src/main/AndroidManifest.xml:51:137-169
102            android:launchMode="singleTask"
102-->src/main/AndroidManifest.xml:51:170-201
103            android:theme="@style/Theme.Scraply.Splash"
103-->src/main/AndroidManifest.xml:51:248-291
104            android:windowSoftInputMode="adjustNothing" >
104-->src/main/AndroidManifest.xml:51:292-335
105            <intent-filter>
105-->src/main/AndroidManifest.xml:52:13-55:29
106                <action android:name="android.intent.action.MAIN" />
106-->src/main/AndroidManifest.xml:53:17-68
106-->src/main/AndroidManifest.xml:53:25-66
107
108                <category android:name="android.intent.category.LAUNCHER" />
108-->src/main/AndroidManifest.xml:54:17-76
108-->src/main/AndroidManifest.xml:54:27-74
109            </intent-filter>
110            <intent-filter>
110-->src/main/AndroidManifest.xml:56:13-65:29
111                <action android:name="android.intent.action.VIEW" />
111-->src/main/AndroidManifest.xml:17:13-64
111-->src/main/AndroidManifest.xml:17:21-62
112
113                <category android:name="android.intent.category.DEFAULT" />
113-->src/main/AndroidManifest.xml:58:17-75
113-->src/main/AndroidManifest.xml:58:27-73
114                <category android:name="android.intent.category.BROWSABLE" />
114-->src/main/AndroidManifest.xml:18:13-73
114-->src/main/AndroidManifest.xml:18:23-71
115
116                <data android:scheme="content" />
116-->src/main/AndroidManifest.xml:19:13-43
116-->src/main/AndroidManifest.xml:19:19-41
117                <data android:scheme="file" />
117-->src/main/AndroidManifest.xml:19:13-43
117-->src/main/AndroidManifest.xml:19:19-41
118                <data android:mimeType="*/*" />
118-->src/main/AndroidManifest.xml:19:13-43
118-->src/main/AndroidManifest.xml:26:19-66
119                <data android:pathPattern=".*\\.scrap" />
119-->src/main/AndroidManifest.xml:19:13-43
119-->src/main/AndroidManifest.xml:63:23-55
120                <data android:host="*" />
120-->src/main/AndroidManifest.xml:19:13-43
120-->src/main/AndroidManifest.xml:64:23-39
121            </intent-filter>
122            <intent-filter>
122-->src/main/AndroidManifest.xml:66:13-77:29
123                <action android:name="android.intent.action.VIEW" />
123-->src/main/AndroidManifest.xml:17:13-64
123-->src/main/AndroidManifest.xml:17:21-62
124
125                <category android:name="android.intent.category.DEFAULT" />
125-->src/main/AndroidManifest.xml:58:17-75
125-->src/main/AndroidManifest.xml:58:27-73
126                <category android:name="android.intent.category.BROWSABLE" />
126-->src/main/AndroidManifest.xml:18:13-73
126-->src/main/AndroidManifest.xml:18:23-71
127
128                <data
128-->src/main/AndroidManifest.xml:19:13-43
129                    android:host="open"
129-->src/main/AndroidManifest.xml:64:23-39
130                    android:scheme="scraply" />
130-->src/main/AndroidManifest.xml:19:19-41
131                <data
131-->src/main/AndroidManifest.xml:19:13-43
132                    android:host="gallery"
132-->src/main/AndroidManifest.xml:64:23-39
133                    android:scheme="scraply" />
133-->src/main/AndroidManifest.xml:19:19-41
134                <data
134-->src/main/AndroidManifest.xml:19:13-43
135                    android:host="notebook"
135-->src/main/AndroidManifest.xml:64:23-39
136                    android:scheme="scraply" />
136-->src/main/AndroidManifest.xml:19:19-41
137                <data
137-->src/main/AndroidManifest.xml:19:13-43
138                    android:host="tipjar"
138-->src/main/AndroidManifest.xml:64:23-39
139                    android:scheme="scraply" />
139-->src/main/AndroidManifest.xml:19:19-41
140                <data
140-->src/main/AndroidManifest.xml:19:13-43
141                    android:host="support"
141-->src/main/AndroidManifest.xml:64:23-39
142                    android:scheme="scraply" />
142-->src/main/AndroidManifest.xml:19:19-41
143                <data
143-->src/main/AndroidManifest.xml:19:13-43
144                    android:host="settings"
144-->src/main/AndroidManifest.xml:64:23-39
145                    android:scheme="scraply" />
145-->src/main/AndroidManifest.xml:19:19-41
146                <data
146-->src/main/AndroidManifest.xml:19:13-43
147                    android:host="rate"
147-->src/main/AndroidManifest.xml:64:23-39
148                    android:scheme="scraply" />
148-->src/main/AndroidManifest.xml:19:19-41
149            </intent-filter>
150            <intent-filter>
150-->src/main/AndroidManifest.xml:78:13-84:29
151                <action android:name="android.intent.action.VIEW" />
151-->src/main/AndroidManifest.xml:17:13-64
151-->src/main/AndroidManifest.xml:17:21-62
152
153                <category android:name="android.intent.category.DEFAULT" />
153-->src/main/AndroidManifest.xml:58:17-75
153-->src/main/AndroidManifest.xml:58:27-73
154                <category android:name="android.intent.category.BROWSABLE" />
154-->src/main/AndroidManifest.xml:18:13-73
154-->src/main/AndroidManifest.xml:18:23-71
155
156                <data android:scheme="content" />
156-->src/main/AndroidManifest.xml:19:13-43
156-->src/main/AndroidManifest.xml:19:19-41
157                <data android:mimeType="application/zip" />
157-->src/main/AndroidManifest.xml:19:13-43
157-->src/main/AndroidManifest.xml:26:19-66
158            </intent-filter>
159            <intent-filter>
159-->src/main/AndroidManifest.xml:85:13-92:29
160                <action android:name="android.intent.action.VIEW" />
160-->src/main/AndroidManifest.xml:17:13-64
160-->src/main/AndroidManifest.xml:17:21-62
161
162                <category android:name="android.intent.category.DEFAULT" />
162-->src/main/AndroidManifest.xml:58:17-75
162-->src/main/AndroidManifest.xml:58:27-73
163                <category android:name="android.intent.category.BROWSABLE" />
163-->src/main/AndroidManifest.xml:18:13-73
163-->src/main/AndroidManifest.xml:18:23-71
164
165                <data android:scheme="content" />
165-->src/main/AndroidManifest.xml:19:13-43
165-->src/main/AndroidManifest.xml:19:19-41
166                <data android:mimeType="application/octet-stream" />
166-->src/main/AndroidManifest.xml:19:13-43
166-->src/main/AndroidManifest.xml:26:19-66
167                <data android:pathPattern=".*\\.scrap" />
167-->src/main/AndroidManifest.xml:19:13-43
167-->src/main/AndroidManifest.xml:63:23-55
168            </intent-filter>
169        </activity>
170
171        <service
171-->src/main/AndroidManifest.xml:94:9-98:19
172            android:name="com.daren.scraply.notify.ScraplyMessagingService"
172-->src/main/AndroidManifest.xml:94:43-106
173            android:exported="false" >
173-->src/main/AndroidManifest.xml:94:18-42
174            <intent-filter>
174-->src/main/AndroidManifest.xml:95:13-97:29
175                <action android:name="com.google.firebase.MESSAGING_EVENT" />
175-->src/main/AndroidManifest.xml:96:17-77
175-->src/main/AndroidManifest.xml:96:25-75
176            </intent-filter>
177        </service>
178        <service
178-->src/main/AndroidManifest.xml:99:9-143
179            android:name="com.daren.scraply.ui.canvas.CameraKeepAliveService"
179-->src/main/AndroidManifest.xml:99:76-141
180            android:exported="false"
180-->src/main/AndroidManifest.xml:99:18-42
181            android:foregroundServiceType="" />
181-->src/main/AndroidManifest.xml:99:43-75
182
183        <meta-data
183-->src/main/AndroidManifest.xml:100:9-137
184            android:name="com.google.firebase.messaging.default_notification_icon"
184-->src/main/AndroidManifest.xml:100:20-90
185            android:resource="@drawable/ic_notification" />
185-->src/main/AndroidManifest.xml:100:91-135
186        <meta-data
186-->src/main/AndroidManifest.xml:101:9-139
187            android:name="com.google.firebase.messaging.default_notification_color"
187-->src/main/AndroidManifest.xml:101:20-91
188            android:resource="@color/notification_accent" />
188-->src/main/AndroidManifest.xml:101:92-137
189        <meta-data
189-->src/main/AndroidManifest.xml:102:9-131
190            android:name="com.google.firebase.messaging.default_notification_channel_id"
190-->src/main/AndroidManifest.xml:102:20-96
191            android:value="scraply_seasonal" />
191-->src/main/AndroidManifest.xml:102:97-129
192        <meta-data
192-->src/main/AndroidManifest.xml:103:9-133
193            android:name="com.google.android.gms.ads.APPLICATION_ID"
193-->src/main/AndroidManifest.xml:103:20-76
194            android:value="ca-app-pub-4629456747116653~3095615352" />
194-->src/main/AndroidManifest.xml:103:77-131
195        <meta-data
195-->src/main/AndroidManifest.xml:104:9-113
196            android:name="com.google.android.gms.ads.flag.OPTIMIZE_INITIALIZATION"
196-->src/main/AndroidManifest.xml:104:20-90
197            android:value="true" />
197-->src/main/AndroidManifest.xml:104:91-111
198        <meta-data
198-->src/main/AndroidManifest.xml:105:9-109
199            android:name="com.google.android.gms.ads.flag.OPTIMIZE_AD_LOADING"
199-->src/main/AndroidManifest.xml:105:20-86
200            android:value="true" />
200-->src/main/AndroidManifest.xml:105:87-107
201
202        <provider
202-->src/main/AndroidManifest.xml:106:9-108:20
203            android:name="androidx.core.content.FileProvider"
203-->src/main/AndroidManifest.xml:106:132-181
204            android:authorities="com.daren.scraply.fileprovider"
204-->src/main/AndroidManifest.xml:106:19-71
205            android:exported="false"
205-->src/main/AndroidManifest.xml:106:72-96
206            android:grantUriPermissions="true" >
206-->src/main/AndroidManifest.xml:106:97-131
207            <meta-data
207-->src/main/AndroidManifest.xml:107:13-111
208                android:name="android.support.FILE_PROVIDER_PATHS"
208-->src/main/AndroidManifest.xml:107:24-74
209                android:resource="@xml/file_paths" />
209-->src/main/AndroidManifest.xml:107:75-109
210        </provider>
211
212        <meta-data
212-->src/main/AndroidManifest.xml:109:9-104
213            android:name="com.google.android.play.billingclient.version"
213-->src/main/AndroidManifest.xml:109:20-80
214            android:value="8.2.0" />
214-->src/main/AndroidManifest.xml:109:81-102
215
216        <activity
216-->src/main/AndroidManifest.xml:110:9-255
217            android:name="com.android.billingclient.api.ProxyBillingActivity"
217-->src/main/AndroidManifest.xml:110:128-193
218            android:configChanges="keyboard|keyboardHidden|orientation|screenLayout|screenSize"
218-->src/main/AndroidManifest.xml:110:19-102
219            android:exported="false"
219-->src/main/AndroidManifest.xml:110:103-127
220            android:theme="@android:style/Theme.Translucent.NoTitleBar" />
220-->src/main/AndroidManifest.xml:110:194-253
221        <activity
221-->src/main/AndroidManifest.xml:111:9-257
222            android:name="com.android.billingclient.api.ProxyBillingActivityV2"
222-->src/main/AndroidManifest.xml:111:128-195
223            android:configChanges="keyboard|keyboardHidden|orientation|screenLayout|screenSize"
223-->src/main/AndroidManifest.xml:111:19-102
224            android:exported="false"
224-->src/main/AndroidManifest.xml:111:103-127
225            android:theme="@android:style/Theme.Translucent.NoTitleBar" />
225-->src/main/AndroidManifest.xml:111:196-255
226
227        <service
227-->src/main/AndroidManifest.xml:112:9-117:19
228            android:name="com.google.mlkit.common.internal.MlKitComponentDiscoveryService"
228-->src/main/AndroidManifest.xml:112:74-152
229            android:directBootAware="true"
229-->src/main/AndroidManifest.xml:112:18-48
230            android:exported="false" >
230-->src/main/AndroidManifest.xml:112:49-73
231            <meta-data
231-->src/main/AndroidManifest.xml:113:13-224
232                android:name="com.google.firebase.components:com.google.mlkit.vision.digitalink.recognition.internal.DigitalInkRecognitionRegistrar"
232-->src/main/AndroidManifest.xml:113:24-156
233                android:value="com.google.firebase.components.ComponentRegistrar" />
233-->src/main/AndroidManifest.xml:113:157-222
234            <meta-data
234-->src/main/AndroidManifest.xml:114:13-220
235                android:name="com.google.firebase.components:com.google.mlkit.vision.segmentation.subject.internal.SubjectSegmentationRegistrar"
235-->src/main/AndroidManifest.xml:114:24-152
236                android:value="com.google.firebase.components.ComponentRegistrar" />
236-->src/main/AndroidManifest.xml:114:153-218
237            <meta-data
237-->src/main/AndroidManifest.xml:115:13-199
238                android:name="com.google.firebase.components:com.google.mlkit.vision.common.internal.VisionCommonRegistrar"
238-->src/main/AndroidManifest.xml:115:24-131
239                android:value="com.google.firebase.components.ComponentRegistrar" />
239-->src/main/AndroidManifest.xml:115:132-197
240            <meta-data
240-->src/main/AndroidManifest.xml:116:13-195
241                android:name="com.google.firebase.components:com.google.mlkit.common.internal.CommonComponentRegistrar"
241-->src/main/AndroidManifest.xml:116:24-127
242                android:value="com.google.firebase.components.ComponentRegistrar" />
242-->src/main/AndroidManifest.xml:116:128-193
243            <meta-data
243-->[com.google.mlkit:digital-ink-recognition:18.1.0] AndroidManifest.xml:15:13-17:85
244                android:name="com.google.firebase.components:com.google.mlkit.vision.digitalink.internal.DigitalInkRecognitionRegistrar"
244-->[com.google.mlkit:digital-ink-recognition:18.1.0] AndroidManifest.xml:16:17-137
245                android:value="com.google.firebase.components.ComponentRegistrar" />
245-->[com.google.mlkit:digital-ink-recognition:18.1.0] AndroidManifest.xml:17:17-82
246        </service>
247
248        <activity
248-->src/main/AndroidManifest.xml:118:9-339
249            android:name="com.google.android.gms.ads.AdActivity"
249-->src/main/AndroidManifest.xml:118:198-250
250            android:configChanges="keyboard|keyboardHidden|orientation|screenLayout|screenSize|smallestScreenSize|uiMode"
250-->src/main/AndroidManifest.xml:118:19-128
251            android:enableOnBackInvokedCallback="false"
251-->src/main/AndroidManifest.xml:118:129-172
252            android:exported="false"
252-->src/main/AndroidManifest.xml:118:173-197
253            android:theme="@android:style/Theme.Translucent" />
253-->src/main/AndroidManifest.xml:118:289-337
254
255        <provider
255-->src/main/AndroidManifest.xml:119:9-195
256            android:name="com.google.android.gms.ads.MobileAdsInitProvider"
256-->src/main/AndroidManifest.xml:119:130-193
257            android:authorities="com.daren.scraply.mobileadsinitprovider"
257-->src/main/AndroidManifest.xml:119:19-80
258            android:exported="false"
258-->src/main/AndroidManifest.xml:119:81-105
259            android:initOrder="100" />
259-->src/main/AndroidManifest.xml:119:106-129
260
261        <service
261-->src/main/AndroidManifest.xml:120:9-119
262            android:name="com.google.android.gms.ads.AdService"
262-->src/main/AndroidManifest.xml:120:66-117
263            android:enabled="true"
263-->src/main/AndroidManifest.xml:120:18-40
264            android:exported="false" />
264-->src/main/AndroidManifest.xml:120:41-65
265
266        <activity
266-->src/main/AndroidManifest.xml:121:9-263
267            android:name="com.google.android.gms.ads.OutOfContextTestingActivity"
267-->src/main/AndroidManifest.xml:121:154-223
268            android:configChanges="keyboard|keyboardHidden|orientation|screenLayout|screenSize|smallestScreenSize|uiMode"
268-->src/main/AndroidManifest.xml:121:19-128
269            android:exported="false" />
269-->src/main/AndroidManifest.xml:121:129-153
270        <activity
270-->src/main/AndroidManifest.xml:122:9-265
271            android:name="com.google.android.gms.ads.NotificationHandlerActivity"
271-->src/main/AndroidManifest.xml:122:110-179
272            android:excludeFromRecents="true"
272-->src/main/AndroidManifest.xml:122:19-52
273            android:exported="false"
273-->src/main/AndroidManifest.xml:122:53-77
274            android:launchMode="singleTask"
274-->src/main/AndroidManifest.xml:122:78-109
275            android:taskAffinity=""
275-->src/main/AndroidManifest.xml:122:180-203
276            android:theme="@android:style/Theme.Translucent.NoTitleBar" />
276-->src/main/AndroidManifest.xml:122:204-263
277
278        <provider
278-->src/main/AndroidManifest.xml:123:9-128:20
279            android:name="androidx.startup.InitializationProvider"
279-->src/main/AndroidManifest.xml:123:101-155
280            android:authorities="com.daren.scraply.androidx-startup"
280-->src/main/AndroidManifest.xml:123:19-75
281            android:exported="false" >
281-->src/main/AndroidManifest.xml:123:76-100
282            <meta-data
282-->src/main/AndroidManifest.xml:124:13-110
283                android:name="androidx.work.WorkManagerInitializer"
283-->src/main/AndroidManifest.xml:124:24-75
284                android:value="androidx.startup" />
284-->src/main/AndroidManifest.xml:124:76-108
285            <meta-data
285-->src/main/AndroidManifest.xml:125:13-117
286                android:name="androidx.emoji2.text.EmojiCompatInitializer"
286-->src/main/AndroidManifest.xml:125:24-82
287                android:value="androidx.startup" />
287-->src/main/AndroidManifest.xml:125:83-115
288            <meta-data
288-->src/main/AndroidManifest.xml:126:13-120
289                android:name="androidx.lifecycle.ProcessLifecycleInitializer"
289-->src/main/AndroidManifest.xml:126:24-85
290                android:value="androidx.startup" />
290-->src/main/AndroidManifest.xml:126:86-118
291            <meta-data
291-->src/main/AndroidManifest.xml:127:13-127
292                android:name="androidx.profileinstaller.ProfileInstallerInitializer"
292-->src/main/AndroidManifest.xml:127:24-92
293                android:value="androidx.startup" />
293-->src/main/AndroidManifest.xml:127:93-125
294        </provider>
295
296        <service
296-->src/main/AndroidManifest.xml:129:9-212
297            android:name="androidx.work.impl.background.systemalarm.SystemAlarmService"
297-->src/main/AndroidManifest.xml:129:135-210
298            android:directBootAware="false"
298-->src/main/AndroidManifest.xml:129:18-49
299            android:enabled="@bool/enable_system_alarm_service_default"
299-->src/main/AndroidManifest.xml:129:50-109
300            android:exported="false" />
300-->src/main/AndroidManifest.xml:129:110-134
301        <service
301-->src/main/AndroidManifest.xml:130:9-262
302            android:name="androidx.work.impl.background.systemjob.SystemJobService"
302-->src/main/AndroidManifest.xml:130:132-203
303            android:directBootAware="false"
303-->src/main/AndroidManifest.xml:130:18-49
304            android:enabled="@bool/enable_system_job_service_default"
304-->src/main/AndroidManifest.xml:130:50-107
305            android:exported="true"
305-->src/main/AndroidManifest.xml:130:108-131
306            android:permission="android.permission.BIND_JOB_SERVICE" />
306-->src/main/AndroidManifest.xml:130:204-260
307        <service
307-->src/main/AndroidManifest.xml:131:9-210
308            android:name="androidx.work.impl.foreground.SystemForegroundService"
308-->src/main/AndroidManifest.xml:131:140-208
309            android:directBootAware="false"
309-->src/main/AndroidManifest.xml:131:18-49
310            android:enabled="@bool/enable_system_foreground_service_default"
310-->src/main/AndroidManifest.xml:131:50-114
311            android:exported="false" />
311-->src/main/AndroidManifest.xml:131:115-139
312
313        <receiver
313-->src/main/AndroidManifest.xml:132:9-176
314            android:name="androidx.work.impl.utils.ForceStopRunnable$BroadcastReceiver"
314-->src/main/AndroidManifest.xml:132:99-174
315            android:directBootAware="false"
315-->src/main/AndroidManifest.xml:132:19-50
316            android:enabled="true"
316-->src/main/AndroidManifest.xml:132:51-73
317            android:exported="false" />
317-->src/main/AndroidManifest.xml:132:74-98
318        <receiver
318-->src/main/AndroidManifest.xml:133:9-138:20
319            android:name="androidx.work.impl.background.systemalarm.ConstraintProxy$BatteryChargingProxy"
319-->src/main/AndroidManifest.xml:133:100-193
320            android:directBootAware="false"
320-->src/main/AndroidManifest.xml:133:19-50
321            android:enabled="false"
321-->src/main/AndroidManifest.xml:133:51-74
322            android:exported="false" >
322-->src/main/AndroidManifest.xml:133:75-99
323            <intent-filter>
323-->src/main/AndroidManifest.xml:134:13-137:29
324                <action android:name="android.intent.action.ACTION_POWER_CONNECTED" />
324-->src/main/AndroidManifest.xml:135:17-86
324-->src/main/AndroidManifest.xml:135:25-84
325                <action android:name="android.intent.action.ACTION_POWER_DISCONNECTED" />
325-->src/main/AndroidManifest.xml:136:17-89
325-->src/main/AndroidManifest.xml:136:25-87
326            </intent-filter>
327        </receiver>
328        <receiver